#
# There is insufficient memory for the Java Runtime Environment to continue.
# Native memory allocation (malloc) failed to allocate 32744 bytes. Error detail: ChunkPool::allocate
# Possible reasons:
#   The system is out of physical RAM or swap space
#   This process is running with CompressedOops enabled, and the Java Heap may be blocking the growth of the native heap
# Possible solutions:
#   Reduce memory load on the system
#   Increase physical memory or swap space
#   Check if swap backing store is full
#   Decrease Java heap size (-Xmx/-Xms)
#   Decrease number of Java threads
#   Decrease Java thread stack sizes (-Xss)
#   Set larger code cache with -XX:ReservedCodeCacheSize=
#   JVM is running with Unscaled Compressed Oops mode in which the Java heap is
#     placed in the first 4GB address space. The Java Heap base address is the
#     maximum limit for the native heap growth. Please use -XX:HeapBaseMinAddress
#     to set the Java Heap base and to place the Java Heap above 4GB virtual address.
# This output file may be truncated or incomplete.
#
#  Out of Memory Error (arena.cpp:79), pid=29040, tid=33136
#
# JRE version: OpenJDK Runtime Environment Temurin-17.0.13+11 (17.0.13+11) (build 17.0.13+11)
# Java VM: OpenJDK 64-Bit Server VM Temurin-17.0.13+11 (17.0.13+11, mixed mode, tiered, compressed oops, compressed class ptrs, parallel gc, windows-amd64)
# No core dump will be written. Minidumps are not enabled by default on client versions of Windows
#

---------------  S U M M A R Y ------------

Command Line: --add-modules=ALL-SYSTEM --add-opens=java.base/java.util=ALL-UNNAMED --add-opens=java.base/java.lang=ALL-UNNAMED --add-opens=java.base/sun.nio.fs=ALL-UNNAMED -Declipse.application=org.eclipse.jdt.ls.core.id1 -Dosgi.bundles.defaultStartLevel=4 -Declipse.product=org.eclipse.jdt.ls.core.product -Djava.import.generatesMetadataFilesAtProjectRoot=false -DDetectVMInstallationsJob.disabled=true -Dfile.encoding=utf8 -XX:+UseParallelGC -XX:GCTimeRatio=4 -XX:AdaptiveSizePolicyWeight=90 -Dsun.zip.disableMemoryMapping=true -Xmx1G -Xms100m -Xlog:disable -javaagent:c:\Users\varun\.vscode\extensions\redhat.java-1.37.0-win32-x64\lombok\lombok-1.18.34.jar -XX:+HeapDumpOnOutOfMemoryError -XX:HeapDumpPath=c:\Users\varun\AppData\Roaming\Code\User\workspaceStorage\ab38cb730eda30b9fd1c90a9c82f45c4\redhat.java -Daether.dependencyCollector.impl=bf c:\Users\varun\.vscode\extensions\redhat.java-1.37.0-win32-x64\server\plugins\org.eclipse.equinox.launcher_1.6.900.v20240613-2009.jar -configuration c:\Users\varun\AppData\Roaming\Code\User\globalStorage\redhat.java\1.37.0\config_win -data c:\Users\varun\AppData\Roaming\Code\User\workspaceStorage\ab38cb730eda30b9fd1c90a9c82f45c4\redhat.java\jdt_ws --pipe=\\.\pipe\lsp-25f8148c81b9a86557faaec4981c2478-sock

Host: AMD Ryzen 5 3550H with Radeon Vega Mobile Gfx  , 8 cores, 5G,  Windows 11 , 64 bit Build 26100 (10.0.26100.2454)
Time: Sat Dec  7 02:04:06 2024 Eastern Standard Time elapsed time: 28.936171 seconds (0d 0h 0m 28s)

---------------  T H R E A D  ---------------

Current thread (0x0000020a7bffea30):  JavaThread "C2 CompilerThread0" daemon [_thread_in_native, id=33136, stack(0x000000bdff500000,0x000000bdff600000)]


Current CompileTask:
C2:  28936 1841       4       java.util.zip.ZipFile::getZipEntry (322 bytes)

Stack: [0x000000bdff500000,0x000000bdff600000]
Native frames: (J=compiled Java code, j=interpreted, Vv=VM code, C=native code)
V  [jvm.dll+0x682a19]
V  [jvm.dll+0x839538]
V  [jvm.dll+0x83afe3]
V  [jvm.dll+0x83b653]
V  [jvm.dll+0x24704f]
V  [jvm.dll+0xad03c]
V  [jvm.dll+0xad4cc]
V  [jvm.dll+0x66033a]
V  [jvm.dll+0x65edb8]
V  [jvm.dll+0x60e910]
V  [jvm.dll+0x60ecdf]
V  [jvm.dll+0x60e92e]
V  [jvm.dll+0x60ecdf]
V  [jvm.dll+0x60e92e]
V  [jvm.dll+0x60ecdf]
V  [jvm.dll+0x60e92e]
V  [jvm.dll+0x60ecdf]
V  [jvm.dll+0x60ec9e]
V  [jvm.dll+0x60e92e]
V  [jvm.dll+0x60ecdf]
V  [jvm.dll+0x60e92e]
V  [jvm.dll+0x613e17]
V  [jvm.dll+0x614c5c]
V  [jvm.dll+0x61312c]
V  [jvm.dll+0x217ece]
V  [jvm.dll+0x21748f]
V  [jvm.dll+0x1a3070]
V  [jvm.dll+0x22788c]
V  [jvm.dll+0x2259eb]
V  [jvm.dll+0x7eec98]
V  [jvm.dll+0x7e8ffc]
V  [jvm.dll+0x6818f7]
C  [ucrtbase.dll+0x14ea0]
C  [KERNEL32.DLL+0x2e8d7]
C  [ntdll.dll+0xdfbcc]


---------------  P R O C E S S  ---------------

Threads class SMR info:
_java_thread_list=0x0000020a10395b70, length=17, elements={
0x0000020a7697f6b0, 0x0000020a76a2cfb0, 0x0000020a7bff57c0, 0x0000020a7bffbf10,
0x0000020a7bffc8e0, 0x0000020a7bffd3b0, 0x0000020a7bffdd80, 0x0000020a7bffea30,
0x0000020a100caaa0, 0x0000020a100f7f40, 0x0000020a101bf370, 0x0000020a1037d8b0,
0x0000020a118a24d0, 0x0000020a118be5c0, 0x0000020a117f9850, 0x0000020a11516350,
0x0000020a101529f0
}

Java Threads: ( => current thread )
  0x0000020a7697f6b0 JavaThread "main" [_thread_blocked, id=15144, stack(0x000000bdfec00000,0x000000bdfed00000)]
  0x0000020a76a2cfb0 JavaThread "Reference Handler" daemon [_thread_blocked, id=26936, stack(0x000000bdfef00000,0x000000bdff000000)]
  0x0000020a7bff57c0 JavaThread "Finalizer" daemon [_thread_blocked, id=33724, stack(0x000000bdff000000,0x000000bdff100000)]
  0x0000020a7bffbf10 JavaThread "Signal Dispatcher" daemon [_thread_blocked, id=5484, stack(0x000000bdff100000,0x000000bdff200000)]
  0x0000020a7bffc8e0 JavaThread "Attach Listener" daemon [_thread_blocked, id=7036, stack(0x000000bdff200000,0x000000bdff300000)]
  0x0000020a7bffd3b0 JavaThread "Service Thread" daemon [_thread_blocked, id=27736, stack(0x000000bdff300000,0x000000bdff400000)]
  0x0000020a7bffdd80 JavaThread "Monitor Deflation Thread" daemon [_thread_blocked, id=6868, stack(0x000000bdff400000,0x000000bdff500000)]
=>0x0000020a7bffea30 JavaThread "C2 CompilerThread0" daemon [_thread_in_native, id=33136, stack(0x000000bdff500000,0x000000bdff600000)]
  0x0000020a100caaa0 JavaThread "C1 CompilerThread0" daemon [_thread_blocked, id=33392, stack(0x000000bdff600000,0x000000bdff700000)]
  0x0000020a100f7f40 JavaThread "Sweeper thread" daemon [_thread_blocked, id=26388, stack(0x000000bdff700000,0x000000bdff800000)]
  0x0000020a101bf370 JavaThread "Common-Cleaner" daemon [_thread_blocked, id=3340, stack(0x000000bdff800000,0x000000bdff900000)]
  0x0000020a1037d8b0 JavaThread "Notification Thread" daemon [_thread_blocked, id=23572, stack(0x000000bdff900000,0x000000bdffa00000)]
  0x0000020a118a24d0 JavaThread "Active Thread: Equinox Container: 080f1293-8a8a-4d03-9f3e-40bccac82da6" [_thread_blocked, id=28784, stack(0x000000bd80100000,0x000000bd80200000)]
  0x0000020a118be5c0 JavaThread "Refresh Thread: Equinox Container: 080f1293-8a8a-4d03-9f3e-40bccac82da6" daemon [_thread_blocked, id=34300, stack(0x000000bd80200000,0x000000bd80300000)]
  0x0000020a117f9850 JavaThread "Framework Event Dispatcher: Equinox Container: 080f1293-8a8a-4d03-9f3e-40bccac82da6" daemon [_thread_blocked, id=22108, stack(0x000000bd80300000,0x000000bd80400000)]
  0x0000020a11516350 JavaThread "Start Level: Equinox Container: 080f1293-8a8a-4d03-9f3e-40bccac82da6" daemon [_thread_in_native, id=28204, stack(0x000000bd80400000,0x000000bd80500000)]
  0x0000020a101529f0 JavaThread "C2 CompilerThread1" daemon [_thread_blocked, id=10724, stack(0x000000bd80600000,0x000000bd80700000)]

Other Threads:
  0x0000020a100414b0 VMThread "VM Thread" [stack: 0x000000bdfee00000,0x000000bdfef00000] [id=8888]
  0x0000020a10386bf0 WatcherThread [stack: 0x000000bdffa00000,0x000000bdffb00000] [id=31492]
  0x0000020a76993180 GCTaskThread "GC Thread#0" [stack: 0x000000bdfed00000,0x000000bdfee00000] [id=32260]
  0x0000020a1189b3a0 GCTaskThread "GC Thread#1" [stack: 0x000000bdffb00000,0x000000bdffc00000] [id=15044]
  0x0000020a1189ba70 GCTaskThread "GC Thread#2" [stack: 0x000000bdffc00000,0x000000bdffd00000] [id=33436]
  0x0000020a1189bd30 GCTaskThread "GC Thread#3" [stack: 0x000000bdffd00000,0x000000bdffe00000] [id=4612]
  0x0000020a1189bff0 GCTaskThread "GC Thread#4" [stack: 0x000000bdffe00000,0x000000bdfff00000] [id=31048]
  0x0000020a1189c6c0 GCTaskThread "GC Thread#5" [stack: 0x000000bdfff00000,0x000000be00000000] [id=2404]
  0x0000020a1189c980 GCTaskThread "GC Thread#6" [stack: 0x000000bd80000000,0x000000bd80100000] [id=10268]
  0x0000020a1152bbf0 GCTaskThread "GC Thread#7" [stack: 0x000000bd80500000,0x000000bd80600000] [id=25432]

Threads with active compile tasks:
C2 CompilerThread0    29028 1841       4       java.util.zip.ZipFile::getZipEntry (322 bytes)

VM state: not at safepoint (normal execution)

VM Mutex/Monitor currently owned by a thread: None

Heap address: 0x00000000c0000000, size: 1024 MB, Compressed Oops mode: 32-bit

CDS archive(s) not mapped
Compressed class space mapped at: 0x0000000100000000-0x0000000140000000, reserved size: 1073741824
Narrow klass base: 0x0000000000000000, Narrow klass shift: 3, Narrow klass range: 0x140000000

GC Precious Log:
 CPUs: 8 total, 8 available
 Memory: 6019M
 Large Page Support: Disabled
 NUMA Support: Disabled
 Compressed Oops: Enabled (32-bit)
 Alignments: Space 512K, Generation 512K, Heap 2M
 Heap Min Capacity: 100M
 Heap Initial Capacity: 100M
 Heap Max Capacity: 1G
 Pre-touch: Disabled
 Parallel Workers: 8

Heap:
 PSYoungGen      total 29696K, used 14766K [0x00000000eab00000, 0x00000000ecc00000, 0x0000000100000000)
  eden space 25600K, 41% used [0x00000000eab00000,0x00000000eb570428,0x00000000ec400000)
  from space 4096K, 99% used [0x00000000ec800000,0x00000000ecbfb7b8,0x00000000ecc00000)
  to   space 4096K, 0% used [0x00000000ec400000,0x00000000ec400000,0x00000000ec800000)
 ParOldGen       total 68608K, used 1504K [0x00000000c0000000, 0x00000000c4300000, 0x00000000eab00000)
  object space 68608K, 2% used [0x00000000c0000000,0x00000000c0178040,0x00000000c4300000)
 Metaspace       used 16085K, committed 16256K, reserved 1114112K
  class space    used 1637K, committed 1728K, reserved 1048576K

Card table byte_map: [0x0000020a79890000,0x0000020a79aa0000] _byte_map_base: 0x0000020a79290000

Marking Bits: (ParMarkBitMap*) 0x00007ffb83036940
 Begin Bits: [0x0000020a79c00000, 0x0000020a7ac00000)
 End Bits:   [0x0000020a7ac00000, 0x0000020a7bc00000)

Polling page: 0x0000020a76a30000

Metaspace:

Usage:
  Non-class:     14.11 MB used.
      Class:      1.60 MB used.
       Both:     15.71 MB used.

Virtual space:
  Non-class space:       64.00 MB reserved,      14.19 MB ( 22%) committed,  1 nodes.
      Class space:        1.00 GB reserved,       1.69 MB ( <1%) committed,  1 nodes.
             Both:        1.06 GB reserved,      15.88 MB (  1%) committed. 

Chunk freelists:
   Non-Class:  976.00 KB
       Class:  14.36 MB
        Both:  15.31 MB

MaxMetaspaceSize: unlimited
CompressedClassSpaceSize: 1.00 GB
Initial GC threshold: 21.00 MB
Current GC threshold: 21.00 MB
CDS: off
MetaspaceReclaimPolicy: balanced
 - commit_granule_bytes: 65536.
 - commit_granule_words: 8192.
 - virtual_space_node_default_size: 8388608.
 - enlarge_chunks_in_place: 1.
 - new_chunks_are_fully_committed: 0.
 - uncommit_free_chunks: 1.
 - use_allocation_guard: 0.
 - handle_deallocations: 1.


Internal statistics:

num_allocs_failed_limit: 0.
num_arena_births: 108.
num_arena_deaths: 0.
num_vsnodes_births: 2.
num_vsnodes_deaths: 0.
num_space_committed: 254.
num_space_uncommitted: 0.
num_chunks_returned_to_freelist: 0.
num_chunks_taken_from_freelist: 329.
num_chunk_merges: 0.
num_chunk_splits: 217.
num_chunks_enlarged: 163.
num_inconsistent_stats: 0.

CodeHeap 'non-profiled nmethods': size=120000Kb used=794Kb max_used=794Kb free=119206Kb
 bounds [0x0000020a07ad0000, 0x0000020a07d40000, 0x0000020a0f000000]
CodeHeap 'profiled nmethods': size=120000Kb used=3358Kb max_used=3358Kb free=116641Kb
 bounds [0x0000020a00000000, 0x0000020a00350000, 0x0000020a07530000]
CodeHeap 'non-nmethods': size=5760Kb used=1171Kb max_used=1190Kb free=4588Kb
 bounds [0x0000020a07530000, 0x0000020a077a0000, 0x0000020a07ad0000]
 total_blobs=2340 nmethods=1876 adapters=378
 compilation: enabled
              stopped_count=0, restarted_count=0
 full_count=0

Compilation events (20 events):
Event: 26.777 Thread 0x0000020a7bffea30 1841       4       java.util.zip.ZipFile::getZipEntry (322 bytes)
Event: 26.778 Thread 0x0000020a100caaa0 1843       3       java.lang.AbstractStringBuilder::<init> (63 bytes)
Event: 26.779 Thread 0x0000020a100caaa0 nmethod 1843 0x0000020a00337290 code [0x0000020a00337480, 0x0000020a003379b8]
Event: 26.783 Thread 0x0000020a100caaa0 1844       3       org.eclipse.osgi.util.ManifestElement::readLine (122 bytes)
Event: 26.785 Thread 0x0000020a100caaa0 nmethod 1844 0x0000020a00337b90 code [0x0000020a00337e40, 0x0000020a00338de8]
Event: 26.787 Thread 0x0000020a100caaa0 1847       1       org.eclipse.osgi.internal.loader.EquinoxClassLoader::getClasspathManager (5 bytes)
Event: 26.787 Thread 0x0000020a100caaa0 nmethod 1847 0x0000020a07b8e410 code [0x0000020a07b8e5a0, 0x0000020a07b8e678]
Event: 26.788 Thread 0x0000020a100caaa0 1848       3       java.util.stream.StreamOpFlag::fromCharacteristics (37 bytes)
Event: 26.788 Thread 0x0000020a101529f0 1840       4       java.util.zip.ZipEntry::<init> (84 bytes)
Event: 26.789 Thread 0x0000020a100caaa0 nmethod 1848 0x0000020a00339190 code [0x0000020a00339340, 0x0000020a00339658]
Event: 26.789 Thread 0x0000020a100caaa0 1849       3       java.util.stream.AbstractPipeline::<init> (55 bytes)
Event: 26.789 Thread 0x0000020a100caaa0 nmethod 1849 0x0000020a00339790 code [0x0000020a00339940, 0x0000020a00339b78]
Event: 26.791 Thread 0x0000020a101529f0 nmethod 1840 0x0000020a07b8e710 code [0x0000020a07b8e880, 0x0000020a07b8e998]
Event: 26.791 Thread 0x0000020a101529f0 1842       4       java.util.zip.ZipFile$ZipEntryIterator::hasMoreElements (5 bytes)
Event: 26.792 Thread 0x0000020a101529f0 nmethod 1842 0x0000020a07b8eb10 code [0x0000020a07b8ec80, 0x0000020a07b8ed18]
Event: 26.792 Thread 0x0000020a101529f0 1845       4       java.util.zip.ZipFile$ZipEntryIterator::nextElement (5 bytes)
Event: 26.794 Thread 0x0000020a100caaa0 1850       1       sun.nio.fs.WindowsPath::getFileSystem (5 bytes)
Event: 26.794 Thread 0x0000020a100caaa0 nmethod 1850 0x0000020a07b8ee10 code [0x0000020a07b8efa0, 0x0000020a07b8f078]
Event: 27.544 Thread 0x0000020a100caaa0 1851       3       java.util.concurrent.Semaphore$NonfairSync::tryAcquireShared (6 bytes)
Event: 28.820 Thread 0x0000020a100caaa0 nmethod 1851 0x0000020a00339c90 code [0x0000020a00339e20, 0x0000020a00339f68]

GC Heap History (4 events):
Event: 3.285 GC heap before
{Heap before GC invocations=1 (full 0):
 PSYoungGen      total 29696K, used 25600K [0x00000000eab00000, 0x00000000ecc00000, 0x0000000100000000)
  eden space 25600K, 100% used [0x00000000eab00000,0x00000000ec400000,0x00000000ec400000)
  from space 4096K, 0% used [0x00000000ec800000,0x00000000ec800000,0x00000000ecc00000)
  to   space 4096K, 0% used [0x00000000ec400000,0x00000000ec400000,0x00000000ec800000)
 ParOldGen       total 68608K, used 0K [0x00000000c0000000, 0x00000000c4300000, 0x00000000eab00000)
  object space 68608K, 0% used [0x00000000c0000000,0x00000000c0000000,0x00000000c4300000)
 Metaspace       used 10961K, committed 11136K, reserved 1114112K
  class space    used 1090K, committed 1152K, reserved 1048576K
}
Event: 3.301 GC heap after
{Heap after GC invocations=1 (full 0):
 PSYoungGen      total 29696K, used 3156K [0x00000000eab00000, 0x00000000ecc00000, 0x0000000100000000)
  eden space 25600K, 0% used [0x00000000eab00000,0x00000000eab00000,0x00000000ec400000)
  from space 4096K, 77% used [0x00000000ec400000,0x00000000ec715350,0x00000000ec800000)
  to   space 4096K, 0% used [0x00000000ec800000,0x00000000ec800000,0x00000000ecc00000)
 ParOldGen       total 68608K, used 16K [0x00000000c0000000, 0x00000000c4300000, 0x00000000eab00000)
  object space 68608K, 0% used [0x00000000c0000000,0x00000000c0004000,0x00000000c4300000)
 Metaspace       used 10961K, committed 11136K, reserved 1114112K
  class space    used 1090K, committed 1152K, reserved 1048576K
}
Event: 26.067 GC heap before
{Heap before GC invocations=2 (full 0):
 PSYoungGen      total 29696K, used 28756K [0x00000000eab00000, 0x00000000ecc00000, 0x0000000100000000)
  eden space 25600K, 100% used [0x00000000eab00000,0x00000000ec400000,0x00000000ec400000)
  from space 4096K, 77% used [0x00000000ec400000,0x00000000ec715350,0x00000000ec800000)
  to   space 4096K, 0% used [0x00000000ec800000,0x00000000ec800000,0x00000000ecc00000)
 ParOldGen       total 68608K, used 16K [0x00000000c0000000, 0x00000000c4300000, 0x00000000eab00000)
  object space 68608K, 0% used [0x00000000c0000000,0x00000000c0004000,0x00000000c4300000)
 Metaspace       used 14501K, committed 14720K, reserved 1114112K
  class space    used 1453K, committed 1600K, reserved 1048576K
}
Event: 26.081 GC heap after
{Heap after GC invocations=2 (full 0):
 PSYoungGen      total 29696K, used 4077K [0x00000000eab00000, 0x00000000ecc00000, 0x0000000100000000)
  eden space 25600K, 0% used [0x00000000eab00000,0x00000000eab00000,0x00000000ec400000)
  from space 4096K, 99% used [0x00000000ec800000,0x00000000ecbfb7b8,0x00000000ecc00000)
  to   space 4096K, 0% used [0x00000000ec400000,0x00000000ec400000,0x00000000ec800000)
 ParOldGen       total 68608K, used 1504K [0x00000000c0000000, 0x00000000c4300000, 0x00000000eab00000)
  object space 68608K, 2% used [0x00000000c0000000,0x00000000c0178040,0x00000000c4300000)
 Metaspace       used 14501K, committed 14720K, reserved 1114112K
  class space    used 1453K, committed 1600K, reserved 1048576K
}

Dll operation events (9 events):
Event: 0.114 Loaded shared library c:\Users\varun\.vscode\extensions\redhat.java-1.37.0-win32-x64\jre\17.0.13-win32-x86_64\bin\java.dll
Event: 0.564 Loaded shared library c:\Users\varun\.vscode\extensions\redhat.java-1.37.0-win32-x64\jre\17.0.13-win32-x86_64\bin\zip.dll
Event: 0.574 Loaded shared library C:\Users\varun\.vscode\extensions\redhat.java-1.37.0-win32-x64\jre\17.0.13-win32-x86_64\bin\instrument.dll
Event: 0.612 Loaded shared library C:\Users\varun\.vscode\extensions\redhat.java-1.37.0-win32-x64\jre\17.0.13-win32-x86_64\bin\net.dll
Event: 0.630 Loaded shared library C:\Users\varun\.vscode\extensions\redhat.java-1.37.0-win32-x64\jre\17.0.13-win32-x86_64\bin\nio.dll
Event: 0.651 Loaded shared library C:\Users\varun\.vscode\extensions\redhat.java-1.37.0-win32-x64\jre\17.0.13-win32-x86_64\bin\zip.dll
Event: 0.709 Loaded shared library C:\Users\varun\.vscode\extensions\redhat.java-1.37.0-win32-x64\jre\17.0.13-win32-x86_64\bin\jimage.dll
Event: 0.989 Loaded shared library c:\Users\varun\.vscode\extensions\redhat.java-1.37.0-win32-x64\jre\17.0.13-win32-x86_64\bin\verify.dll
Event: 25.686 Loaded shared library C:\Users\varun\AppData\Roaming\Code\User\globalStorage\redhat.java\1.37.0\config_win\org.eclipse.equinox.launcher\org.eclipse.equinox.launcher.win32.win32.x86_64_1.2.1100.v20240722-2106\eclipse_11904.dll

Deoptimization events (20 events):
Event: 26.464 Thread 0x0000020a11516350 Uncommon trap: trap_request=0xffffffde fr.pc=0x0000020a07b3bd78 relative=0x0000000000000498
Event: 26.464 Thread 0x0000020a11516350 Uncommon trap: reason=class_check action=maybe_recompile pc=0x0000020a07b3bd78 method=java.io.DataInputStream.readInt()I @ 6 c2
Event: 26.464 Thread 0x0000020a11516350 DEOPT PACKING pc=0x0000020a07b3bd78 sp=0x000000bd804fdb70
Event: 26.464 Thread 0x0000020a11516350 DEOPT UNPACKING pc=0x0000020a075866a3 sp=0x000000bd804fdb28 mode 2
Event: 26.464 Thread 0x0000020a11516350 Uncommon trap: trap_request=0xffffffde fr.pc=0x0000020a07b3bd78 relative=0x0000000000000498
Event: 26.464 Thread 0x0000020a11516350 Uncommon trap: reason=class_check action=maybe_recompile pc=0x0000020a07b3bd78 method=java.io.DataInputStream.readInt()I @ 6 c2
Event: 26.464 Thread 0x0000020a11516350 DEOPT PACKING pc=0x0000020a07b3bd78 sp=0x000000bd804fdbf0
Event: 26.464 Thread 0x0000020a11516350 DEOPT UNPACKING pc=0x0000020a075866a3 sp=0x000000bd804fdba8 mode 2
Event: 26.464 Thread 0x0000020a11516350 Uncommon trap: trap_request=0xffffffde fr.pc=0x0000020a07b3bd78 relative=0x0000000000000498
Event: 26.464 Thread 0x0000020a11516350 Uncommon trap: reason=class_check action=maybe_recompile pc=0x0000020a07b3bd78 method=java.io.DataInputStream.readInt()I @ 6 c2
Event: 26.464 Thread 0x0000020a11516350 DEOPT PACKING pc=0x0000020a07b3bd78 sp=0x000000bd804fdb70
Event: 26.464 Thread 0x0000020a11516350 DEOPT UNPACKING pc=0x0000020a075866a3 sp=0x000000bd804fdb28 mode 2
Event: 26.682 Thread 0x0000020a11516350 Uncommon trap: trap_request=0xffffff45 fr.pc=0x0000020a07afd048 relative=0x0000000000000048
Event: 26.682 Thread 0x0000020a11516350 Uncommon trap: reason=unstable_if action=reinterpret pc=0x0000020a07afd048 method=java.lang.CharacterData.of(I)Ljava/lang/CharacterData; @ 4 c2
Event: 26.682 Thread 0x0000020a11516350 DEOPT PACKING pc=0x0000020a07afd048 sp=0x000000bd804fd2f0
Event: 26.682 Thread 0x0000020a11516350 DEOPT UNPACKING pc=0x0000020a075866a3 sp=0x000000bd804fd288 mode 2
Event: 26.736 Thread 0x0000020a11516350 Uncommon trap: trap_request=0xffffff45 fr.pc=0x0000020a07b77d04 relative=0x0000000000000b64
Event: 26.736 Thread 0x0000020a11516350 Uncommon trap: reason=unstable_if action=reinterpret pc=0x0000020a07b77d04 method=java.util.concurrent.ConcurrentHashMap.putVal(Ljava/lang/Object;Ljava/lang/Object;Z)Ljava/lang/Object; @ 148 c2
Event: 26.736 Thread 0x0000020a11516350 DEOPT PACKING pc=0x0000020a07b77d04 sp=0x000000bd804fe380
Event: 26.736 Thread 0x0000020a11516350 DEOPT UNPACKING pc=0x0000020a075866a3 sp=0x000000bd804fe300 mode 2

Classes loaded (20 events):
Event: 26.675 Loading class java/util/stream/FindOps$FindSink$OfInt
Event: 26.675 Loading class java/util/stream/Sink$OfInt
Event: 26.676 Loading class java/util/function/IntConsumer
Event: 26.676 Loading class java/util/function/IntConsumer done
Event: 26.676 Loading class java/util/stream/Sink$OfInt done
Event: 26.676 Loading class java/util/stream/FindOps$FindSink$OfInt done
Event: 26.676 Loading class java/util/OptionalInt
Event: 26.676 Loading class java/util/OptionalInt done
Event: 26.681 Loading class java/util/stream/IntPipeline$10$1
Event: 26.681 Loading class java/util/stream/Sink$ChainedInt
Event: 26.681 Loading class java/util/stream/Sink$ChainedInt done
Event: 26.681 Loading class java/util/stream/IntPipeline$10$1 done
Event: 26.682 Loading class java/lang/StringUTF16$CharsSpliterator
Event: 26.682 Loading class java/lang/StringUTF16$CharsSpliterator done
Event: 26.682 Loading class java/lang/CharacterData00
Event: 26.684 Loading class java/lang/CharacterData00 done
Event: 26.689 Loading class java/time/LocalTime$1
Event: 26.689 Loading class java/time/LocalTime$1 done
Event: 26.690 Loading class java/util/Formattable
Event: 26.690 Loading class java/util/Formattable done

Classes unloaded (0 events):
No events

Classes redefined (0 events):
No events

Internal exceptions (20 events):
Event: 3.041 Thread 0x0000020a7697f6b0 Implicit null exception at 0x0000020a07b114db to 0x0000020a07b11dfc
Event: 3.042 Thread 0x0000020a7697f6b0 Implicit null exception at 0x0000020a07b1b48c to 0x0000020a07b1b6a8
Event: 3.042 Thread 0x0000020a7697f6b0 Implicit null exception at 0x0000020a07b1c50c to 0x0000020a07b1c724
Event: 3.043 Thread 0x0000020a7697f6b0 Implicit null exception at 0x0000020a07b17a8f to 0x0000020a07b17b05
Event: 3.311 Thread 0x0000020a7697f6b0 Exception <a 'java/lang/NoSuchMethodError'{0x00000000eab150a0}: 'int java.lang.invoke.DirectMethodHandle$Holder.invokeStaticInit(java.lang.Object, java.lang.Object, java.lang.Object, java.lang.Object)'> (0x00000000eab150a0) 
thrown [s\src\hotspot\share\interpreter\linkResolver.cpp, line 759]
Event: 3.319 Thread 0x0000020a7697f6b0 Exception <a 'java/lang/NoSuchMethodError'{0x00000000eab1f808}: 'java.lang.Object java.lang.invoke.DirectMethodHandle$Holder.invokeInterface(java.lang.Object, java.lang.Object)'> (0x00000000eab1f808) 
thrown [s\src\hotspot\share\interpreter\linkResolver.cpp, line 759]
Event: 3.321 Thread 0x0000020a7697f6b0 Exception <a 'java/lang/IncompatibleClassChangeError'{0x00000000eab23000}: Found class java.lang.Object, but interface was expected> (0x00000000eab23000) 
thrown [s\src\hotspot\share\interpreter\linkResolver.cpp, line 826]
Event: 3.324 Thread 0x0000020a7697f6b0 Exception <a 'java/lang/NoSuchMethodError'{0x00000000eab274e0}: 'void java.lang.invoke.DirectMethodHandle$Holder.invokeStatic(java.lang.Object, java.lang.Object)'> (0x00000000eab274e0) 
thrown [s\src\hotspot\share\interpreter\linkResolver.cpp, line 759]
Event: 3.327 Thread 0x0000020a7697f6b0 Exception <a 'java/lang/NoSuchMethodError'{0x00000000eab2ace0}: 'void java.lang.invoke.DirectMethodHandle$Holder.invokeStaticInit(java.lang.Object, java.lang.Object)'> (0x00000000eab2ace0) 
thrown [s\src\hotspot\share\interpreter\linkResolver.cpp, line 759]
Event: 3.331 Thread 0x0000020a7697f6b0 Exception <a 'java/lang/NoSuchMethodError'{0x00000000eab321c0}: 'int java.lang.invoke.DirectMethodHandle$Holder.invokeStaticInit(java.lang.Object, java.lang.Object)'> (0x00000000eab321c0) 
thrown [s\src\hotspot\share\interpreter\linkResolver.cpp, line 759]
Event: 3.685 Thread 0x0000020a7697f6b0 Exception <a 'java/lang/NoSuchMethodError'{0x00000000eacbe2b8}: 'void java.lang.invoke.DirectMethodHandle$Holder.invokeSpecial(java.lang.Object, java.lang.Object, java.lang.Object)'> (0x00000000eacbe2b8) 
thrown [s\src\hotspot\share\interpreter\linkResolver.cpp, line 759]
Event: 5.303 Thread 0x0000020a7697f6b0 Exception <a 'java/lang/NoSuchMethodError'{0x00000000eba9a188}: 'java.lang.Object java.lang.invoke.DirectMethodHandle$Holder.newInvokeSpecial(java.lang.Object, int, java.lang.Object)'> (0x00000000eba9a188) 
thrown [s\src\hotspot\share\interpreter\linkResolver.cpp, line 759]
Event: 25.625 Thread 0x0000020a7697f6b0 Exception <a 'java/lang/UnsatisfiedLinkError'{0x00000000ec06f100}: 'void org.eclipse.equinox.launcher.JNIBridge._update_splash()'> (0x00000000ec06f100) 
thrown [s\src\hotspot\share\prims\nativeLookup.cpp, line 543]
Event: 25.752 Thread 0x0000020a118be5c0 Exception <a 'java/lang/NoSuchMethodError'{0x00000000ec14f100}: 'java.lang.Object java.lang.invoke.Invokers$Holder.invokeExact_MT(java.lang.Object, java.lang.Object, java.lang.Object, java.lang.Object, java.lang.Object, java.lang.Object)'> (0x00000000ec14f100) 
thrown [s\src\hotspot\share\interpreter\linkResolver.cpp, line 759]
Event: 25.761 Thread 0x0000020a118be5c0 Exception <a 'java/lang/NoSuchMethodError'{0x00000000ec162b08}: 'int java.lang.invoke.DirectMethodHandle$Holder.invokeSpecial(java.lang.Object, java.lang.Object, java.lang.Object)'> (0x00000000ec162b08) 
thrown [s\src\hotspot\share\interpreter\linkResolver.cpp, line 759]
Event: 26.216 Thread 0x0000020a11516350 Exception <a 'java/lang/NoSuchMethodError'{0x00000000ead766b0}: 'java.lang.Object java.lang.invoke.DirectMethodHandle$Holder.invokeStaticInit(java.lang.Object)'> (0x00000000ead766b0) 
thrown [s\src\hotspot\share\interpreter\linkResolver.cpp, line 759]
Event: 26.274 Thread 0x0000020a11516350 Exception <a 'java/lang/NoSuchMethodError'{0x00000000eae3f900}: 'java.lang.Object java.lang.invoke.DirectMethodHandle$Holder.newInvokeSpecial(java.lang.Object, java.lang.Object, int, java.lang.Object)'> (0x00000000eae3f900) 
thrown [s\src\hotspot\share\interpreter\linkResolver.cpp, line 759]
Event: 26.275 Thread 0x0000020a11516350 Exception <a 'java/lang/NoSuchMethodError'{0x00000000eae43be8}: 'java.lang.Object java.lang.invoke.DirectMethodHandle$Holder.invokeSpecial(java.lang.Object, java.lang.Object, java.lang.Object, int, java.lang.Object)'> (0x00000000eae43be8) 
thrown [s\src\hotspot\share\interpreter\linkResolver.cpp, line 759]
Event: 26.498 Thread 0x0000020a11516350 Exception <a 'java/lang/NoSuchMethodError'{0x00000000eafe6650}: 'java.lang.Object java.lang.invoke.DirectMethodHandle$Holder.invokeStatic(java.lang.Object, int, java.lang.Object)'> (0x00000000eafe6650) 
thrown [s\src\hotspot\share\interpreter\linkResolver.cpp, line 759]
Event: 26.581 Thread 0x0000020a11516350 Exception <a 'java/lang/ClassNotFoundException'{0x00000000eb0aaa68}: sun/util/logging/resources/spi/loggingProvider> (0x00000000eb0aaa68) 
thrown [s\src\hotspot\share\classfile\systemDictionary.cpp, line 256]

VM Operations (20 events):
Event: 5.219 Executing VM operation: HandshakeAllThreads
Event: 5.219 Executing VM operation: HandshakeAllThreads done
Event: 5.276 Executing VM operation: HandshakeAllThreads
Event: 5.276 Executing VM operation: HandshakeAllThreads done
Event: 6.278 Executing VM operation: Cleanup
Event: 6.279 Executing VM operation: Cleanup done
Event: 26.067 Executing VM operation: ParallelGCFailedAllocation
Event: 26.081 Executing VM operation: ParallelGCFailedAllocation done
Event: 26.181 Executing VM operation: HandshakeAllThreads
Event: 26.181 Executing VM operation: HandshakeAllThreads done
Event: 26.468 Executing VM operation: HandshakeAllThreads
Event: 26.468 Executing VM operation: HandshakeAllThreads done
Event: 26.630 Executing VM operation: HandshakeAllThreads
Event: 26.630 Executing VM operation: HandshakeAllThreads done
Event: 26.685 Executing VM operation: HandshakeAllThreads
Event: 26.685 Executing VM operation: HandshakeAllThreads done
Event: 26.735 Executing VM operation: HandshakeAllThreads
Event: 26.735 Executing VM operation: HandshakeAllThreads done
Event: 27.743 Executing VM operation: Cleanup
Event: 27.743 Executing VM operation: Cleanup done

Memory protections (0 events):
No events

Nmethod flushes (0 events):
No events

Events (19 events):
Event: 0.209 Thread 0x0000020a7697f6b0 Thread added: 0x0000020a7697f6b0
Event: 0.239 Thread 0x0000020a7697f6b0 Thread added: 0x0000020a76a2cfb0
Event: 0.246 Thread 0x0000020a7697f6b0 Thread added: 0x0000020a7bff57c0
Event: 0.297 Thread 0x0000020a7697f6b0 Thread added: 0x0000020a7bffbf10
Event: 0.297 Thread 0x0000020a7697f6b0 Thread added: 0x0000020a7bffc8e0
Event: 0.297 Thread 0x0000020a7697f6b0 Thread added: 0x0000020a7bffd3b0
Event: 0.297 Thread 0x0000020a7697f6b0 Thread added: 0x0000020a7bffdd80
Event: 0.298 Thread 0x0000020a7697f6b0 Thread added: 0x0000020a7bffea30
Event: 0.300 Thread 0x0000020a7697f6b0 Thread added: 0x0000020a100caaa0
Event: 0.301 Thread 0x0000020a7697f6b0 Thread added: 0x0000020a100f7f40
Event: 0.434 Thread 0x0000020a7697f6b0 Thread added: 0x0000020a101bf370
Event: 1.331 Thread 0x0000020a7697f6b0 Thread added: 0x0000020a1037d8b0
Event: 5.085 Thread 0x0000020a7697f6b0 Thread added: 0x0000020a118a24d0
Event: 5.503 Thread 0x0000020a100caaa0 Thread added: 0x0000020a11804860
Event: 5.702 Thread 0x0000020a11804860 Thread exited: 0x0000020a11804860
Event: 25.622 Thread 0x0000020a7697f6b0 Thread added: 0x0000020a118be5c0
Event: 25.847 Thread 0x0000020a118be5c0 Thread added: 0x0000020a117f9850
Event: 25.858 Thread 0x0000020a7697f6b0 Thread added: 0x0000020a11516350
Event: 26.788 Thread 0x0000020a100caaa0 Thread added: 0x0000020a101529f0


Dynamic libraries:
0x00007ff6d52b0000 - 0x00007ff6d52be000 	c:\Users\varun\.vscode\extensions\redhat.java-1.37.0-win32-x64\jre\17.0.13-win32-x86_64\bin\java.exe
0x00007ffc34c80000 - 0x00007ffc34ee3000 	C:\WINDOWS\SYSTEM32\ntdll.dll
0x00007ffc33f20000 - 0x00007ffc33fe8000 	C:\WINDOWS\System32\KERNEL32.DLL
0x00007ffc32570000 - 0x00007ffc32922000 	C:\WINDOWS\System32\KERNELBASE.dll
0x00007ffc32240000 - 0x00007ffc3238b000 	C:\WINDOWS\System32\ucrtbase.dll
0x00007ffc0ff00000 - 0x00007ffc0ff1e000 	c:\Users\varun\.vscode\extensions\redhat.java-1.37.0-win32-x64\jre\17.0.13-win32-x86_64\bin\VCRUNTIME140.dll
0x00007ffc14f30000 - 0x00007ffc14f47000 	c:\Users\varun\.vscode\extensions\redhat.java-1.37.0-win32-x64\jre\17.0.13-win32-x86_64\bin\jli.dll
0x00007ffc32ae0000 - 0x00007ffc32ca8000 	C:\WINDOWS\System32\USER32.dll
0x00007ffc32930000 - 0x00007ffc32957000 	C:\WINDOWS\System32\win32u.dll
0x00007ffc16d10000 - 0x00007ffc16fa0000 	C:\WINDOWS\WinSxS\amd64_microsoft.windows.common-controls_6595b64144ccf1df_6.0.26100.2454_none_3e0b68a2e331ad60\COMCTL32.dll
0x00007ffc32cb0000 - 0x00007ffc32cda000 	C:\WINDOWS\System32\GDI32.dll
0x00007ffc32440000 - 0x00007ffc3256b000 	C:\WINDOWS\System32\gdi32full.dll
0x00007ffc33900000 - 0x00007ffc339a9000 	C:\WINDOWS\System32\msvcrt.dll
0x00007ffc32390000 - 0x00007ffc32433000 	C:\WINDOWS\System32\msvcp_win.dll
0x00007ffc33450000 - 0x00007ffc3347f000 	C:\WINDOWS\System32\IMM32.DLL
0x00007ffc2a9d0000 - 0x00007ffc2a9dc000 	c:\Users\varun\.vscode\extensions\redhat.java-1.37.0-win32-x64\jre\17.0.13-win32-x86_64\bin\vcruntime140_1.dll
0x00007ffbe8480000 - 0x00007ffbe850d000 	c:\Users\varun\.vscode\extensions\redhat.java-1.37.0-win32-x64\jre\17.0.13-win32-x86_64\bin\msvcp140.dll
0x00007ffb82490000 - 0x00007ffb830fb000 	c:\Users\varun\.vscode\extensions\redhat.java-1.37.0-win32-x64\jre\17.0.13-win32-x86_64\bin\server\jvm.dll
0x00007ffc32f20000 - 0x00007ffc32fd4000 	C:\WINDOWS\System32\ADVAPI32.dll
0x00007ffc34290000 - 0x00007ffc34336000 	C:\WINDOWS\System32\sechost.dll
0x00007ffc34170000 - 0x00007ffc34286000 	C:\WINDOWS\System32\RPCRT4.dll
0x00007ffc333d0000 - 0x00007ffc33444000 	C:\WINDOWS\System32\WS2_32.dll
0x00007ffc31ee0000 - 0x00007ffc31f2e000 	C:\WINDOWS\SYSTEM32\POWRPROF.dll
0x00007ffc2a2a0000 - 0x00007ffc2a2ab000 	C:\WINDOWS\SYSTEM32\VERSION.dll
0x00007ffc28b70000 - 0x00007ffc28ba6000 	C:\WINDOWS\SYSTEM32\WINMM.dll
0x00007ffc31ec0000 - 0x00007ffc31ed4000 	C:\WINDOWS\SYSTEM32\UMPDC.dll
0x00007ffc30e90000 - 0x00007ffc30eaa000 	C:\WINDOWS\SYSTEM32\kernel.appcore.dll
0x00007ffc2a5b0000 - 0x00007ffc2a5ba000 	c:\Users\varun\.vscode\extensions\redhat.java-1.37.0-win32-x64\jre\17.0.13-win32-x86_64\bin\jimage.dll
0x00007ffc2f9b0000 - 0x00007ffc2fbf1000 	C:\WINDOWS\SYSTEM32\DBGHELP.DLL
0x00007ffc33040000 - 0x00007ffc333be000 	C:\WINDOWS\System32\combase.dll
0x00007ffc33670000 - 0x00007ffc33746000 	C:\WINDOWS\System32\OLEAUT32.dll
0x00007ffc120c0000 - 0x00007ffc120f9000 	C:\WINDOWS\SYSTEM32\dbgcore.DLL
0x00007ffc321a0000 - 0x00007ffc32239000 	C:\WINDOWS\System32\bcryptPrimitives.dll
0x00007ffc15c90000 - 0x00007ffc15c9e000 	c:\Users\varun\.vscode\extensions\redhat.java-1.37.0-win32-x64\jre\17.0.13-win32-x86_64\bin\instrument.dll
0x00007ffbecb40000 - 0x00007ffbecb65000 	c:\Users\varun\.vscode\extensions\redhat.java-1.37.0-win32-x64\jre\17.0.13-win32-x86_64\bin\java.dll
0x00007ffc099f0000 - 0x00007ffc09a08000 	c:\Users\varun\.vscode\extensions\redhat.java-1.37.0-win32-x64\jre\17.0.13-win32-x86_64\bin\zip.dll
0x00007ffc34340000 - 0x00007ffc34a40000 	C:\WINDOWS\System32\SHELL32.dll
0x00007ffc2fda0000 - 0x00007ffc305d1000 	C:\WINDOWS\SYSTEM32\windows.storage.dll
0x00007ffc34a50000 - 0x00007ffc34b2a000 	C:\WINDOWS\System32\SHCORE.dll
0x00007ffc32fe0000 - 0x00007ffc3303d000 	C:\WINDOWS\System32\shlwapi.dll
0x00007ffc31f60000 - 0x00007ffc31f8e000 	C:\WINDOWS\SYSTEM32\profapi.dll
0x00007ffc0eed0000 - 0x00007ffc0eee9000 	C:\Users\varun\.vscode\extensions\redhat.java-1.37.0-win32-x64\jre\17.0.13-win32-x86_64\bin\net.dll
0x00007ffc2a480000 - 0x00007ffc2a5a6000 	C:\WINDOWS\SYSTEM32\WINHTTP.dll
0x00007ffc31390000 - 0x00007ffc313f8000 	C:\WINDOWS\system32\mswsock.dll
0x00007ffc0eeb0000 - 0x00007ffc0eec6000 	C:\Users\varun\.vscode\extensions\redhat.java-1.37.0-win32-x64\jre\17.0.13-win32-x86_64\bin\nio.dll
0x00007ffc15970000 - 0x00007ffc15980000 	c:\Users\varun\.vscode\extensions\redhat.java-1.37.0-win32-x64\jre\17.0.13-win32-x86_64\bin\verify.dll
0x00007ffbf2aa0000 - 0x00007ffbf2ae5000 	C:\Users\varun\AppData\Roaming\Code\User\globalStorage\redhat.java\1.37.0\config_win\org.eclipse.equinox.launcher\org.eclipse.equinox.launcher.win32.win32.x86_64_1.2.1100.v20240722-2106\eclipse_11904.dll
0x00007ffc33760000 - 0x00007ffc338f9000 	C:\WINDOWS\System32\ole32.dll

dbghelp: loaded successfully - version: 4.0.5 - missing functions: none
symbol engine: initialized successfully - sym options: 0x614 - pdb path: .;c:\Users\varun\.vscode\extensions\redhat.java-1.37.0-win32-x64\jre\17.0.13-win32-x86_64\bin;C:\WINDOWS\SYSTEM32;C:\WINDOWS\WinSxS\amd64_microsoft.windows.common-controls_6595b64144ccf1df_6.0.26100.2454_none_3e0b68a2e331ad60;c:\Users\varun\.vscode\extensions\redhat.java-1.37.0-win32-x64\jre\17.0.13-win32-x86_64\bin\server;C:\Users\varun\AppData\Roaming\Code\User\globalStorage\redhat.java\1.37.0\config_win\org.eclipse.equinox.launcher\org.eclipse.equinox.launcher.win32.win32.x86_64_1.2.1100.v20240722-2106

VM Arguments:
jvm_args: --add-modules=ALL-SYSTEM --add-opens=java.base/java.util=ALL-UNNAMED --add-opens=java.base/java.lang=ALL-UNNAMED --add-opens=java.base/sun.nio.fs=ALL-UNNAMED -Declipse.application=org.eclipse.jdt.ls.core.id1 -Dosgi.bundles.defaultStartLevel=4 -Declipse.product=org.eclipse.jdt.ls.core.product -Djava.import.generatesMetadataFilesAtProjectRoot=false -DDetectVMInstallationsJob.disabled=true -Dfile.encoding=utf8 -XX:+UseParallelGC -XX:GCTimeRatio=4 -XX:AdaptiveSizePolicyWeight=90 -Dsun.zip.disableMemoryMapping=true -Xmx1G -Xms100m -Xlog:disable -javaagent:c:\Users\varun\.vscode\extensions\redhat.java-1.37.0-win32-x64\lombok\lombok-1.18.34.jar -XX:+HeapDumpOnOutOfMemoryError -XX:HeapDumpPath=c:\Users\varun\AppData\Roaming\Code\User\workspaceStorage\ab38cb730eda30b9fd1c90a9c82f45c4\redhat.java -Daether.dependencyCollector.impl=bf 
java_command: c:\Users\varun\.vscode\extensions\redhat.java-1.37.0-win32-x64\server\plugins\org.eclipse.equinox.launcher_1.6.900.v20240613-2009.jar -configuration c:\Users\varun\AppData\Roaming\Code\User\globalStorage\redhat.java\1.37.0\config_win -data c:\Users\varun\AppData\Roaming\Code\User\workspaceStorage\ab38cb730eda30b9fd1c90a9c82f45c4\redhat.java\jdt_ws --pipe=\\.\pipe\lsp-25f8148c81b9a86557faaec4981c2478-sock
java_class_path (initial): c:\Users\varun\.vscode\extensions\redhat.java-1.37.0-win32-x64\server\plugins\org.eclipse.equinox.launcher_1.6.900.v20240613-2009.jar
Launcher Type: SUN_STANDARD

[Global flags]
    uintx AdaptiveSizePolicyWeight                 = 90                                        {product} {command line}
     intx CICompilerCount                          = 4                                         {product} {ergonomic}
    uintx GCTimeRatio                              = 4                                         {product} {command line}
     bool HeapDumpOnOutOfMemoryError               = true                                   {manageable} {command line}
    ccstr HeapDumpPath                             = c:\Users\varun\AppData\Roaming\Code\User\workspaceStorage\ab38cb730eda30b9fd1c90a9c82f45c4\redhat.java         {manageable} {command line}
   size_t InitialHeapSize                          = 104857600                                 {product} {command line}
   size_t MaxHeapSize                              = 1073741824                                {product} {command line}
   size_t MaxNewSize                               = 357564416                                 {product} {ergonomic}
   size_t MinHeapDeltaBytes                        = 524288                                    {product} {ergonomic}
   size_t MinHeapSize                              = 104857600                                 {product} {command line}
   size_t NewSize                                  = 34603008                                  {product} {ergonomic}
    uintx NonNMethodCodeHeapSize                   = 5839372                                {pd product} {ergonomic}
    uintx NonProfiledCodeHeapSize                  = 122909434                              {pd product} {ergonomic}
   size_t OldSize                                  = 70254592                                  {product} {ergonomic}
    uintx ProfiledCodeHeapSize                     = 122909434                              {pd product} {ergonomic}
    uintx ReservedCodeCacheSize                    = 251658240                              {pd product} {ergonomic}
     bool SegmentedCodeCache                       = true                                      {product} {ergonomic}
   size_t SoftMaxHeapSize                          = 1073741824                             {manageable} {ergonomic}
     bool UseCompressedClassPointers               = true                           {product lp64_product} {ergonomic}
     bool UseCompressedOops                        = true                           {product lp64_product} {ergonomic}
     bool UseLargePagesIndividualAllocation        = false                                  {pd product} {ergonomic}
     bool UseParallelGC                            = true                                      {product} {command line}

Logging:
Log output configuration:
 #0: stdout all=off uptime,level,tags
 #1: stderr all=off uptime,level,tags

Environment Variables:
PATH=C:\Users\varun\AppData\Local\cloud-code\installer\google-cloud-sdk\bin;C:\Program Files\Common Files\Oracle\Java\javapath;C:\windows\system32;C:\windows;C:\windows\System32\Wbem;C:\windows\System32\WindowsPowerShell\v1.0\;C:\windows\System32\OpenSSH\;C:\Program Files (x86)\NVIDIA Corporation\PhysX\Common;C:\Program Files\NVIDIA Corporation\NVIDIA NvDLISR;C:\WINDOWS\system32;C:\WINDOWS;C:\WINDOWS\System32\Wbem;C:\WINDOWS\System32\WindowsPowerShell\v1.0\;C:\WINDOWS\System32\OpenSSH\;C:\Program Files\HP\HP One Agent;C:\Program Files\nodejs\;C:\ProgramData\chocolatey\bin;C:\Program Files\Git\cmd;C:\Users\varun\anaconda3;C:\Users\varun\anaconda3\Library\mingw-w64\bin;C:\Users\varun\anaconda3\Library\usr\bin;C:\Users\varun\anaconda3\Library\bin;C:\Users\varun\anaconda3\Scripts;C:\Users\varun\AppData\Local\Programs\Python\Launcher\;C:\Users\varun\AppData\Local\Microsoft\WindowsApps;C:\Users\varun\AppData\Local\Programs\Microsoft VS Code\bin;C:\Users\varun\AppData\Local\Microsoft\WinGet\Packages\Schniz.fnm_Microsoft.Winget.Source_8wekyb3d8bbwe;C:\Program Files\JetBrains\IntelliJ IDEA 2024.2.1\bin;;C:\Program Files\JetBrains\IntelliJ IDEA Community Edition 2024.2.1\bin;;C:\Users\varun\AppData\Roaming\npm;C:\Program Files\Python313;C:\Users\varun\AppData\Local\GitHubDesktop\bin;C:\Users\varun\AppData\Local\Google\Cloud SDK\google-cloud-sdk\bin;C:\Program Files (x86)\Google\Cloud SDK\google-cloud-sdk\bin;C:\Program Files\Google\Cloud SDK\google-cloud-sdk\bin
USERNAME=varun
OS=Windows_NT
PROCESSOR_IDENTIFIER=AMD64 Family 23 Model 24 Stepping 1, AuthenticAMD
TMP=C:\Users\varun\AppData\Local\Temp
TEMP=C:\Users\varun\AppData\Local\Temp



Periodic native trim disabled


---------------  S Y S T E M  ---------------

OS:
 Windows 11 , 64 bit Build 26100 (10.0.26100.2454)
OS uptime: 1 days 5:30 hours

CPU: total 8 (initial active 8) (8 cores per cpu, 2 threads per core) family 23 model 24 stepping 1 microcode 0x8108109, cx8, cmov, fxsr, ht, mmx, 3dnowpref, sse, sse2, sse3, ssse3, sse4a, sse4.1, sse4.2, popcnt, lzcnt, tsc, tscinvbit, avx, avx2, aes, clmul, bmi1, bmi2, adx, sha, fma, vzeroupper, clflush, clflushopt
Processor Information for all 8 processors :
  Max Mhz: 2100, Current Mhz: 2100, Mhz Limit: 2100

Memory: 4k page, system-wide physical 6019M (507M free)
TotalPageFile size 24451M (AvailPageFile size 15M)
current process WorkingSet (physical memory assigned to process): 94M, peak: 94M
current process commit charge ("private bytes"): 207M, peak: 207M

vm_info: OpenJDK 64-Bit Server VM (17.0.13+11) for windows-amd64 JRE (17.0.13+11), built on Oct 16 2024 00:10:08 by "admin" with MS VC++ 17.7 (VS2022)

END.
